2021-10-05 21:47:59,272 : Start hash search	|
2021-10-05 21:47:59,273 : 	Hash search iter.	| SRC: [-3 -2 -1  1  2  3  4  5  7  8] Target: 47 
2021-10-05 21:47:59,275 : 	Hash search iter.	| SRC: [-3 -2 -1  1  2  3  4  5  7  8] Target: 47 
2021-10-05 21:47:59,276 : 	Hash search iter.	| SRC: [-3 -2 -1  1  2  3  4  5  7  8] Target: 47 
2021-10-05 21:47:59,277 : 	Hash search iter.	| SRC: [-3 -2 -1  1  2  3  4  5  7  8] Target: 47 
2021-10-05 21:47:59,279 : 	Hash search iter.	| SRC: [-3 -2 -1  1  2  3  4  5  7  8] Target: 47 
2021-10-05 21:47:59,281 : 	Hash search iter.	| SRC: [-3 -2 -1  1  2  3  4  5  7  8] Target: 47 
2021-10-05 21:47:59,282 : 	Hash search iter.	| SRC: [-3 -2 -1  1  2  3  4  5  7  8] Target: 47 
2021-10-05 21:47:59,284 : 	Hash search iter.	| SRC: [-3 -2 -1  1  2  3  4  5  7  8] Target: 47 
2021-10-05 21:47:59,285 : 	Hash search iter.	| SRC: [-3 -2 -1  1  2  3  4  5  7  8] Target: 47 
2021-10-05 21:47:59,286 : 	Hash search iter.	| SRC: [-3 -2 -1  1  2  3  4  5  7  8] Target: 47 
2021-10-05 21:47:59,288 : 	End hash search			| Num pairs: 0 Comps: 10 
2021-10-05 21:47:59,272 : Start hash search	|
2021-10-05 21:47:59,273 : 	Hash search iter.	| SRC: [-3 -2 -1  1  2  3  4  5  7  8] Target: 47 
2021-10-05 21:47:59,275 : 	Hash search iter.	| SRC: [-3 -2 -1  1  2  3  4  5  7  8] Target: 47 
2021-10-05 21:47:59,276 : 	Hash search iter.	| SRC: [-3 -2 -1  1  2  3  4  5  7  8] Target: 47 
2021-10-05 21:47:59,277 : 	Hash search iter.	| SRC: [-3 -2 -1  1  2  3  4  5  7  8] Target: 47 
2021-10-05 21:47:59,279 : 	Hash search iter.	| SRC: [-3 -2 -1  1  2  3  4  5  7  8] Target: 47 
2021-10-05 21:47:59,281 : 	Hash search iter.	| SRC: [-3 -2 -1  1  2  3  4  5  7  8] Target: 47 
2021-10-05 21:47:59,282 : 	Hash search iter.	| SRC: [-3 -2 -1  1  2  3  4  5  7  8] Target: 47 
2021-10-05 21:47:59,284 : 	Hash search iter.	| SRC: [-3 -2 -1  1  2  3  4  5  7  8] Target: 47 
2021-10-05 21:47:59,285 : 	Hash search iter.	| SRC: [-3 -2 -1  1  2  3  4  5  7  8] Target: 47 
2021-10-05 21:47:59,286 : 	Hash search iter.	| SRC: [-3 -2 -1  1  2  3  4  5  7  8] Target: 47 
2021-10-05 21:47:59,288 : 	End hash search			| Num pairs: 0 Comps: 10 
 21:47:59,272 : Start hash search	|
2021-10-05 21:47:59,273 : 	Hash search iter.	| SRC: [-3 -2 -1  1  2  3  4  5  7  8] Target: 47 
2021-10-05 21:47:59,275 : 	Hash search iter.	| SRC: [-3 -2 -1  1  2  3  4  5  7  8] Target: 47 
2021-10-05 21:47:59,276 : 	Hash search iter.	| SRC: [-3 -2 -1  1  2  3  4  5  7  8] Target: 47 
2021-10-05 21:47:59,277 : 	Hash search iter.	| SRC: [-3 -2 -1  1  2  3  4  5  7  8] Target: 47 
2021-10-05 21:47:59,279 : 	Hash search iter.	| SRC: [-3 -2 -1  1  2  3  4  5  7  8] Target: 47 
2021-10-05 21:47:59,281 : 	Hash search iter.	| SRC: [-3 -2 -1  1  2  3  4  5  7  8] Target: 47 
2021-10-05 21:47:59,282 : 	Hash search iter.	| SRC: [-3 -2 -1  1  2  3  4  5  7  8] Target: 47 
2021-10-05 21:47:59,284 : 	Hash search iter.	| SRC: [-3 -2 -1  1  2  3  4  5  7  8] Target: 47 
2021-10-05 21:47:59,285 : 	Hash search iter.	| SRC: [-3 -2 -1  1  2  3  4  5  7  8] Target: 47 
2021-10-05 21:47:59,286 : 	Hash search iter.	| SRC: [-3 -2 -1  1  2  3  4  5  7  8] Target: 47 
2021-10-05 21:47:59,288 : 	End hash search			| Num pairs: 0 Comps: 10 
 21:47:59,272 : Start hash search	|
2021-10-05 21:47:59,273 : 	Hash search iter.	| SRC: [-3 -2 -1  1  2  3  4  5  7  8] Target: 47 
2021-10-05 21:47:59,275 : 	Hash search iter.	| SRC: [-3 -2 -1  1  2  3  4  5  7  8] Target: 47 
2021-10-05 21:47:59,276 : 	Hash search iter.	| SRC: [-3 -2 -1  1  2  3  4  5  7  8] Target: 47 
2021-10-05 21:47:59,277 : 	Hash search iter.	| SRC: [-3 -2 -1  1  2  3  4  5  7  8] Target: 47 
2021-10-05 21:47:59,279 : 	Hash search iter.	| SRC: [-3 -2 -1  1  2  3  4  5  7  8] Target: 47 
2021-10-05 21:47:59,281 : 	Hash search iter.	| SRC: [-3 -2 -1  1  2  3  4  5  7  8] Target: 47 
2021-10-05 21:47:59,282 : 	Hash search iter.	| SRC: [-3 -2 -1  1  2  3  4  5  7  8] Target: 47 
2021-10-05 21:47:59,284 : 	Hash search iter.	| SRC: [-3 -2 -1  1  2  3  4  5  7  8] Target: 47 
2021-10-05 21:47:59,285 : 	Hash search iter.	| SRC: [-3 -2 -1  1  2  3  4  5  7  8] Target: 47 
2021-10-05 21:47:59,286 : 	Hash search iter.	| SRC: [-3 -2 -1  1  2  3  4  5  7  8] Target: 47 
2021-10-05 21:47:59,288 : 	End hash search			| Num pairs: 0 Comps: 10 
 21:47:59,272 : Start hash search	|
2021-10-05 21:47:59,273 : 	Hash search iter.	| SRC: [-3 -2 -1  1  2  3  4  5  7  8] Target: 47 
2021-10-05 21:47:59,275 : 	Hash search iter.	| SRC: [-3 -2 -1  1  2  3  4  5  7  8] Target: 47 
2021-10-05 21:47:59,276 : 	Hash search iter.	| SRC: [-3 -2 -1  1  2  3  4  5  7  8] Target: 47 
2021-10-05 21:47:59,277 : 	Hash search iter.	| SRC: [-3 -2 -1  1  2  3  4  5  7  8] Target: 47 
2021-10-05 21:47:59,279 : 	Hash search iter.	| SRC: [-3 -2 -1  1  2  3  4  5  7  8] Target: 47 
2021-10-05 21:47:59,281 : 	Hash search iter.	| SRC: [-3 -2 -1  1  2  3  4  5  7  8] Target: 47 
2021-10-05 21:47:59,282 : 	Hash search iter.	| SRC: [-3 -2 -1  1  2  3  4  5  7  8] Target: 47 
2021-10-05 21:47:59,284 : 	Hash search iter.	| SRC: [-3 -2 -1  1  2  3  4  5  7  8] Target: 47 
2021-10-05 21:47:59,285 : 	Hash search iter.	| SRC: [-3 -2 -1  1  2  3  4  5  7  8] Target: 47 
2021-10-05 21:47:59,286 : 	Hash search iter.	| SRC: [-3 -2 -1  1  2  3  4  5  7  8] Target: 47 
2021-10-05 21:47:59,288 : 	End hash search			| Num pairs: 0 Comps: 10 
7  8] Target: 47 
2021-10-05 21:47:59,286 : 	Hash search iter.	| SRC: [-3 -2 -1  1  2  3  4  5  7  8] Target: 47 
2021-10-05 21:47:59,288 : 	End hash search			| Num pairs: 0 Comps: 10 
05 21:47:59,285 : 	Hash search iter.	| SRC: [-3 -2 -1  1  2  3  4  5  7  8] Target: 47 
2021-10-05 21:47:59,286 : 	Hash search iter.	| SRC: [-3 -2 -1  1  2  3  4  5  7  8] Target: 47 
2021-10-05 21:47:59,288 : 	End hash search			| Num pairs: 0 Comps: 10 
  8] Target: 47 
2021-10-05 21:47:59,286 : 	Hash search iter.	| SRC: [-3 -2 -1  1  2  3  4  5  7  8] Target: 47 
2021-10-05 21:47:59,288 : 	End hash search			| Num pairs: 0 Comps: 10 
 [-3 -2 -1  1  2  3  4  5  7  8] Target: 47 
2021-10-05 21:47:59,288 : 	End hash search			| Num pairs: 0 Comps: 10 
2021-10-05 21:47:59,272 : Start hash search	|
2021-10-05 21:47:59,273 : 	Hash search iter.	| SRC: [-3 -2 -1  1  2  3  4  5  7  8] Target: 47 
2021-10-05 21:47:59,275 : 	Hash search iter.	| SRC: [-3 -2 -1  1  2  3  4  5  7  8] Target: 47 
2021-10-05 21:47:59,276 : 	Hash search iter.	| SRC: [-3 -2 -1  1  2  3  4  5  7  8] Target: 47 
2021-10-05 21:47:59,277 : 	Hash search iter.	| SRC: [-3 -2 -1  1  2  3  4  5  7  8] Target: 47 
2021-10-05 21:47:59,279 : 	Hash search iter.	| SRC: [-3 -2 -1  1  2  3  4  5  7  8] Target: 47 
2021-10-05 21:47:59,281 : 	Hash search iter.	| SRC: [-3 -2 -1  1  2  3  4  5  7  8] Target: 47 
2021-10-05 21:47:59,282 : 	Hash search iter.	| SRC: [-3 -2 -1  1  2  3  4  5  7  8] Target: 47 
2021-10-05 21:47:59,284 : 	Hash search iter.	| SRC: [-3 -2 -1  1  2  3  4  5  7  8] Target: 47 
2021-10-05 21:47:59,285 : 	Hash search iter.	| SRC: [-3 -2 -1  1  2  3  4  5  7  8] Target: 47 
2021-10-05 21:47:59,286 : 	Hash search iter.	| SRC: [-3 -2 -1  1  2  3  4  5  7  8] Target: 47 
2021-10-05 21:47:59,288 : 	End hash search			| Num pairs: 0 Comps: 10 
2021-10-05 21:47:59,272 : Start hash search	|
2021-10-05 21:47:59,273 : 	Hash search iter.	| SRC: [-3 -2 -1  1  2  3  4  5  7  8] Target: 47 
2021-10-05 21:47:59,275 : 	Hash search iter.	| SRC: [-3 -2 -1  1  2  3  4  5  7  8] Target: 47 
2021-10-05 21:47:59,276 : 	Hash search iter.	| SRC: [-3 -2 -1  1  2  3  4  5  7  8] Target: 47 
2021-10-05 21:47:59,277 : 	Hash search iter.	| SRC: [-3 -2 -1  1  2  3  4  5  7  8] Target: 47 
2021-10-05 21:47:59,279 : 	Hash search iter.	| SRC: [-3 -2 -1  1  2  3  4  5  7  8] Target: 47 
2021-10-05 21:47:59,281 : 	Hash search iter.	| SRC: [-3 -2 -1  1  2  3  4  5  7  8] Target: 47 
2021-10-05 21:47:59,282 : 	Hash search iter.	| SRC: [-3 -2 -1  1  2  3  4  5  7  8] Target: 47 
2021-10-05 21:47:59,284 : 	Hash search iter.	| SRC: [-3 -2 -1  1  2  3  4  5  7  8] Target: 47 
2021-10-05 21:47:59,285 : 	Hash search iter.	| SRC: [-3 -2 -1  1  2  3  4  5  7  8] Target: 47 
2021-10-05 21:47:59,286 : 	Hash search iter.	| SRC: [-3 -2 -1  1  2  3  4  5  7  8] Target: 47 
2021-10-05 21:47:59,288 : 	End hash search			| Num pairs: 0 Comps: 10 
 21:47:59,272 : Start hash search	|
2021-10-05 21:47:59,273 : 	Hash search iter.	| SRC: [-3 -2 -1  1  2  3  4  5  7  8] Target: 47 
2021-10-05 21:47:59,275 : 	Hash search iter.	| SRC: [-3 -2 -1  1  2  3  4  5  7  8] Target: 47 
2021-10-05 21:47:59,276 : 	Hash search iter.	| SRC: [-3 -2 -1  1  2  3  4  5  7  8] Target: 47 
2021-10-05 21:47:59,277 : 	Hash search iter.	| SRC: [-3 -2 -1  1  2  3  4  5  7  8] Target: 47 
2021-10-05 21:47:59,279 : 	Hash search iter.	| SRC: [-3 -2 -1  1  2  3  4  5  7  8] Target: 47 
2021-10-05 21:47:59,281 : 	Hash search iter.	| SRC: [-3 -2 -1  1  2  3  4  5  7  8] Target: 47 
2021-10-05 21:47:59,282 : 	Hash search iter.	| SRC: [-3 -2 -1  1  2  3  4  5  7  8] Target: 47 
2021-10-05 21:47:59,284 : 	Hash search iter.	| SRC: [-3 -2 -1  1  2  3  4  5  7  8] Target: 47 
2021-10-05 21:47:59,285 : 	Hash search iter.	| SRC: [-3 -2 -1  1  2  3  4  5  7  8] Target: 47 
2021-10-05 21:47:59,286 : 	Hash search iter.	| SRC: [-3 -2 -1  1  2  3  4  5  7  8] Target: 47 
2021-10-05 21:47:59,288 : 	End hash search			| Num pairs: 0 Comps: 10 
 21:47:59,272 : Start hash search	|
2021-10-05 21:47:59,273 : 	Hash search iter.	| SRC: [-3 -2 -1  1  2  3  4  5  7  8] Target: 47 
2021-10-05 21:47:59,275 : 	Hash search iter.	| SRC: [-3 -2 -1  1  2  3  4  5  7  8] Target: 47 
2021-10-05 21:47:59,276 : 	Hash search iter.	| SRC: [-3 -2 -1  1  2  3  4  5  7  8] Target: 47 
2021-10-05 21:47:59,277 : 	Hash search iter.	| SRC: [-3 -2 -1  1  2  3  4  5  7  8] Target: 47 
2021-10-05 21:47:59,279 : 	Hash search iter.	| SRC: [-3 -2 -1  1  2  3  4  5  7  8] Target: 47 
2021-10-05 21:47:59,281 : 	Hash search iter.	| SRC: [-3 -2 -1  1  2  3  4  5  7  8] Target: 47 
2021-10-05 21:47:59,282 : 	Hash search iter.	| SRC: [-3 -2 -1  1  2  3  4  5  7  8] Target: 47 
2021-10-05 21:47:59,284 : 	Hash search iter.	| SRC: [-3 -2 -1  1  2  3  4  5  7  8] Target: 47 
2021-10-05 21:47:59,285 : 	Hash search iter.	| SRC: [-3 -2 -1  1  2  3  4  5  7  8] Target: 47 
2021-10-05 21:47:59,286 : 	Hash search iter.	| SRC: [-3 -2 -1  1  2  3  4  5  7  8] Target: 47 
2021-10-05 21:47:59,288 : 	End hash search			| Num pairs: 0 Comps: 10 
 21:47:59,272 : Start hash search	|
2021-10-05 21:47:59,273 : 	Hash search iter.	| SRC: [-3 -2 -1  1  2  3  4  5  7  8] Target: 47 
2021-10-05 21:47:59,275 : 	Hash search iter.	| SRC: [-3 -2 -1  1  2  3  4  5  7  8] Target: 47 
2021-10-05 21:47:59,276 : 	Hash search iter.	| SRC: [-3 -2 -1  1  2  3  4  5  7  8] Target: 47 
2021-10-05 21:47:59,277 : 	Hash search iter.	| SRC: [-3 -2 -1  1  2  3  4  5  7  8] Target: 47 
2021-10-05 21:47:59,279 : 	Hash search iter.	| SRC: [-3 -2 -1  1  2  3  4  5  7  8] Target: 47 
2021-10-05 21:47:59,281 : 	Hash search iter.	| SRC: [-3 -2 -1  1  2  3  4  5  7  8] Target: 47 
2021-10-05 21:47:59,282 : 	Hash search iter.	| SRC: [-3 -2 -1  1  2  3  4  5  7  8] Target: 47 
2021-10-05 21:47:59,284 : 	Hash search iter.	| SRC: [-3 -2 -1  1  2  3  4  5  7  8] Target: 47 
2021-10-05 21:47:59,285 : 	Hash search iter.	| SRC: [-3 -2 -1  1  2  3  4  5  7  8] Target: 47 
2021-10-05 21:47:59,286 : 	Hash search iter.	| SRC: [-3 -2 -1  1  2  3  4  5  7  8] Target: 47 
2021-10-05 21:47:59,288 : 	End hash search			| Num pairs: 0 Comps: 10 
7  8] Target: 47 
2021-10-05 21:47:59,286 : 	Hash search iter.	| SRC: [-3 -2 -1  1  2  3  4  5  7  8] Target: 47 
2021-10-05 21:47:59,288 : 	End hash search			| Num pairs: 0 Comps: 10 
05 21:47:59,285 : 	Hash search iter.	| SRC: [-3 -2 -1  1  2  3  4  5  7  8] Target: 47 
2021-10-05 21:47:59,286 : 	Hash search iter.	| SRC: [-3 -2 -1  1  2  3  4  5  7  8] Target: 47 
2021-10-05 21:47:59,288 : 	End hash search			| Num pairs: 0 Comps: 10 
  8] Target: 47 
2021-10-05 21:47:59,286 : 	Hash search iter.	| SRC: [-3 -2 -1  1  2  3  4  5  7  8] Target: 47 
2021-10-05 21:47:59,288 : 	End hash search			| Num pairs: 0 Comps: 10 
 [-3 -2 -1  1  2  3  4  5  7  8] Target: 47 
2021-10-05 21:47:59,288 : 	End hash search			| Num pairs: 0 Comps: 10 
2021-10-05 21:47:59,272 : Start hash search	|
2021-10-05 21:47:59,273 : 	Hash search iter.	| SRC: [-3 -2 -1  1  2  3  4  5  7  8] Target: 47 
2021-10-05 21:47:59,275 : 	Hash search iter.	| SRC: [-3 -2 -1  1  2  3  4  5  7  8] Target: 47 
2021-10-05 21:47:59,276 : 	Hash search iter.	| SRC: [-3 -2 -1  1  2  3  4  5  7  8] Target: 47 
2021-10-05 21:47:59,277 : 	Hash search iter.	| SRC: [-3 -2 -1  1  2  3  4  5  7  8] Target: 47 
2021-10-05 21:47:59,279 : 	Hash search iter.	| SRC: [-3 -2 -1  1  2  3  4  5  7  8] Target: 47 
2021-10-05 21:47:59,281 : 	Hash search iter.	| SRC: [-3 -2 -1  1  2  3  4  5  7  8] Target: 47 
2021-10-05 21:47:59,282 : 	Hash search iter.	| SRC: [-3 -2 -1  1  2  3  4  5  7  8] Target: 47 
2021-10-05 21:47:59,284 : 	Hash search iter.	| SRC: [-3 -2 -1  1  2  3  4  5  7  8] Target: 47 
2021-10-05 21:47:59,285 : 	Hash search iter.	| SRC: [-3 -2 -1  1  2  3  4  5  7  8] Target: 47 
2021-10-05 21:47:59,286 : 	Hash search iter.	| SRC: [-3 -2 -1  1  2  3  4  5  7  8] Target: 47 
2021-10-05 21:47:59,288 : 	End hash search			| Num pairs: 0 Comps: 10 
2021-10-05 21:47:59,272 : Start hash search	|
2021-10-05 21:47:59,273 : 	Hash search iter.	| SRC: [-3 -2 -1  1  2  3  4  5  7  8] Target: 47 
2021-10-05 21:47:59,275 : 	Hash search iter.	| SRC: [-3 -2 -1  1  2  3  4  5  7  8] Target: 47 
2021-10-05 21:47:59,276 : 	Hash search iter.	| SRC: [-3 -2 -1  1  2  3  4  5  7  8] Target: 47 
2021-10-05 21:47:59,277 : 	Hash search iter.	| SRC: [-3 -2 -1  1  2  3  4  5  7  8] Target: 47 
2021-10-05 21:47:59,279 : 	Hash search iter.	| SRC: [-3 -2 -1  1  2  3  4  5  7  8] Target: 47 
2021-10-05 21:47:59,281 : 	Hash search iter.	| SRC: [-3 -2 -1  1  2  3  4  5  7  8] Target: 47 
2021-10-05 21:47:59,282 : 	Hash search iter.	| SRC: [-3 -2 -1  1  2  3  4  5  7  8] Target: 47 
2021-10-05 21:47:59,284 : 	Hash search iter.	| SRC: [-3 -2 -1  1  2  3  4  5  7  8] Target: 47 
2021-10-05 21:47:59,285 : 	Hash search iter.	| SRC: [-3 -2 -1  1  2  3  4  5  7  8] Target: 47 
2021-10-05 21:47:59,286 : 	Hash search iter.	| SRC: [-3 -2 -1  1  2  3  4  5  7  8] Target: 47 
2021-10-05 21:47:59,288 : 	End hash search			| Num pairs: 0 Comps: 10 
 21:47:59,272 : Start hash search	|
2021-10-05 21:47:59,273 : 	Hash search iter.	| SRC: [-3 -2 -1  1  2  3  4  5  7  8] Target: 47 
2021-10-05 21:47:59,275 : 	Hash search iter.	| SRC: [-3 -2 -1  1  2  3  4  5  7  8] Target: 47 
2021-10-05 21:47:59,276 : 	Hash search iter.	| SRC: [-3 -2 -1  1  2  3  4  5  7  8] Target: 47 
2021-10-05 21:47:59,277 : 	Hash search iter.	| SRC: [-3 -2 -1  1  2  3  4  5  7  8] Target: 47 
2021-10-05 21:47:59,279 : 	Hash search iter.	| SRC: [-3 -2 -1  1  2  3  4  5  7  8] Target: 47 
2021-10-05 21:47:59,281 : 	Hash search iter.	| SRC: [-3 -2 -1  1  2  3  4  5  7  8] Target: 47 
2021-10-05 21:47:59,282 : 	Hash search iter.	| SRC: [-3 -2 -1  1  2  3  4  5  7  8] Target: 47 
2021-10-05 21:47:59,284 : 	Hash search iter.	| SRC: [-3 -2 -1  1  2  3  4  5  7  8] Target: 47 
2021-10-05 21:47:59,285 : 	Hash search iter.	| SRC: [-3 -2 -1  1  2  3  4  5  7  8] Target: 47 
2021-10-05 21:47:59,286 : 	Hash search iter.	| SRC: [-3 -2 -1  1  2  3  4  5  7  8] Target: 47 
2021-10-05 21:47:59,288 : 	End hash search			| Num pairs: 0 Comps: 10 
 21:47:59,272 : Start hash search	|
2021-10-05 21:47:59,273 : 	Hash search iter.	| SRC: [-3 -2 -1  1  2  3  4  5  7  8] Target: 47 
2021-10-05 21:47:59,275 : 	Hash search iter.	| SRC: [-3 -2 -1  1  2  3  4  5  7  8] Target: 47 
2021-10-05 21:47:59,276 : 	Hash search iter.	| SRC: [-3 -2 -1  1  2  3  4  5  7  8] Target: 47 
2021-10-05 21:47:59,277 : 	Hash search iter.	| SRC: [-3 -2 -1  1  2  3  4  5  7  8] Target: 47 
2021-10-05 21:47:59,279 : 	Hash search iter.	| SRC: [-3 -2 -1  1  2  3  4  5  7  8] Target: 47 
2021-10-05 21:47:59,281 : 	Hash search iter.	| SRC: [-3 -2 -1  1  2  3  4  5  7  8] Target: 47 
2021-10-05 21:47:59,282 : 	Hash search iter.	| SRC: [-3 -2 -1  1  2  3  4  5  7  8] Target: 47 
2021-10-05 21:47:59,284 : 	Hash search iter.	| SRC: [-3 -2 -1  1  2  3  4  5  7  8] Target: 47 
2021-10-05 21:47:59,285 : 	Hash search iter.	| SRC: [-3 -2 -1  1  2  3  4  5  7  8] Target: 47 
2021-10-05 21:47:59,286 : 	Hash search iter.	| SRC: [-3 -2 -1  1  2  3  4  5  7  8] Target: 47 
2021-10-05 21:47:59,288 : 	End hash search			| Num pairs: 0 Comps: 10 
 21:47:59,272 : Start hash search	|
2021-10-05 21:47:59,273 : 	Hash search iter.	| SRC: [-3 -2 -1  1  2  3  4  5  7  8] Target: 47 
2021-10-05 21:47:59,275 : 	Hash search iter.	| SRC: [-3 -2 -1  1  2  3  4  5  7  8] Target: 47 
2021-10-05 21:47:59,276 : 	Hash search iter.	| SRC: [-3 -2 -1  1  2  3  4  5  7  8] Target: 47 
2021-10-05 21:47:59,277 : 	Hash search iter.	| SRC: [-3 -2 -1  1  2  3  4  5  7  8] Target: 47 
2021-10-05 21:47:59,279 : 	Hash search iter.	| SRC: [-3 -2 -1  1  2  3  4  5  7  8] Target: 47 
2021-10-05 21:47:59,281 : 	Hash search iter.	| SRC: [-3 -2 -1  1  2  3  4  5  7  8] Target: 47 
2021-10-05 21:47:59,282 : 	Hash search iter.	| SRC: [-3 -2 -1  1  2  3  4  5  7  8] Target: 47 
2021-10-05 21:47:59,284 : 	Hash search iter.	| SRC: [-3 -2 -1  1  2  3  4  5  7  8] Target: 47 
2021-10-05 21:47:59,285 : 	Hash search iter.	| SRC: [-3 -2 -1  1  2  3  4  5  7  8] Target: 47 
2021-10-05 21:47:59,286 : 	Hash search iter.	| SRC: [-3 -2 -1  1  2  3  4  5  7  8] Target: 47 
2021-10-05 21:47:59,288 : 	End hash search			| Num pairs: 0 Comps: 10 
7  8] Target: 47 
2021-10-05 21:47:59,286 : 	Hash search iter.	| SRC: [-3 -2 -1  1  2  3  4  5  7  8] Target: 47 
2021-10-05 21:47:59,288 : 	End hash search			| Num pairs: 0 Comps: 10 
05 21:47:59,285 : 	Hash search iter.	| SRC: [-3 -2 -1  1  2  3  4  5  7  8] Target: 47 
2021-10-05 21:47:59,286 : 	Hash search iter.	| SRC: [-3 -2 -1  1  2  3  4  5  7  8] Target: 47 
2021-10-05 21:47:59,288 : 	End hash search			| Num pairs: 0 Comps: 10 
  8] Target: 47 
2021-10-05 21:47:59,286 : 	Hash search iter.	| SRC: [-3 -2 -1  1  2  3  4  5  7  8] Target: 47 
2021-10-05 21:47:59,288 : 	End hash search			| Num pairs: 0 Comps: 10 
 [-3 -2 -1  1  2  3  4  5  7  8] Target: 47 
2021-10-05 21:47:59,288 : 	End hash search			| Num pairs: 0 Comps: 10 
2021-10-05 21:47:59,272 : Start hash search	|
2021-10-05 21:47:59,273 : 	Hash search iter.	| SRC: [-3 -2 -1  1  2  3  4  5  7  8] Target: 47 
2021-10-05 21:47:59,275 : 	Hash search iter.	| SRC: [-3 -2 -1  1  2  3  4  5  7  8] Target: 47 
2021-10-05 21:47:59,276 : 	Hash search iter.	| SRC: [-3 -2 -1  1  2  3  4  5  7  8] Target: 47 
2021-10-05 21:47:59,277 : 	Hash search iter.	| SRC: [-3 -2 -1  1  2  3  4  5  7  8] Target: 47 
2021-10-05 21:47:59,279 : 	Hash search iter.	| SRC: [-3 -2 -1  1  2  3  4  5  7  8] Target: 47 
2021-10-05 21:47:59,281 : 	Hash search iter.	| SRC: [-3 -2 -1  1  2  3  4  5  7  8] Target: 47 
2021-10-05 21:47:59,282 : 	Hash search iter.	| SRC: [-3 -2 -1  1  2  3  4  5  7  8] Target: 47 
2021-10-05 21:47:59,284 : 	Hash search iter.	| SRC: [-3 -2 -1  1  2  3  4  5  7  8] Target: 47 
2021-10-05 21:47:59,285 : 	Hash search iter.	| SRC: [-3 -2 -1  1  2  3  4  5  7  8] Target: 47 
2021-10-05 21:47:59,286 : 	Hash search iter.	| SRC: [-3 -2 -1  1  2  3  4  5  7  8] Target: 47 
2021-10-05 21:47:59,288 : 	End hash search			| Num pairs: 0 Comps: 10 
2021-10-05 21:47:59,272 : Start hash search	|
2021-10-05 21:47:59,273 : 	Hash search iter.	| SRC: [-3 -2 -1  1  2  3  4  5  7  8] Target: 47 
2021-10-05 21:47:59,275 : 	Hash search iter.	| SRC: [-3 -2 -1  1  2  3  4  5  7  8] Target: 47 
2021-10-05 21:47:59,276 : 	Hash search iter.	| SRC: [-3 -2 -1  1  2  3  4  5  7  8] Target: 47 
2021-10-05 21:47:59,277 : 	Hash search iter.	| SRC: [-3 -2 -1  1  2  3  4  5  7  8] Target: 47 
2021-10-05 21:47:59,279 : 	Hash search iter.	| SRC: [-3 -2 -1  1  2  3  4  5  7  8] Target: 47 
2021-10-05 21:47:59,281 : 	Hash search iter.	| SRC: [-3 -2 -1  1  2  3  4  5  7  8] Target: 47 
2021-10-05 21:47:59,282 : 	Hash search iter.	| SRC: [-3 -2 -1  1  2  3  4  5  7  8] Target: 47 
2021-10-05 21:47:59,284 : 	Hash search iter.	| SRC: [-3 -2 -1  1  2  3  4  5  7  8] Target: 47 
2021-10-05 21:47:59,285 : 	Hash search iter.	| SRC: [-3 -2 -1  1  2  3  4  5  7  8] Target: 47 
2021-10-05 21:47:59,286 : 	Hash search iter.	| SRC: [-3 -2 -1  1  2  3  4  5  7  8] Target: 47 
2021-10-05 21:47:59,288 : 	End hash search			| Num pairs: 0 Comps: 10 
 21:47:59,272 : Start hash search	|
2021-10-05 21:47:59,273 : 	Hash search iter.	| SRC: [-3 -2 -1  1  2  3  4  5  7  8] Target: 47 
2021-10-05 21:47:59,275 : 	Hash search iter.	| SRC: [-3 -2 -1  1  2  3  4  5  7  8] Target: 47 
2021-10-05 21:47:59,276 : 	Hash search iter.	| SRC: [-3 -2 -1  1  2  3  4  5  7  8] Target: 47 
2021-10-05 21:47:59,277 : 	Hash search iter.	| SRC: [-3 -2 -1  1  2  3  4  5  7  8] Target: 47 
2021-10-05 21:47:59,279 : 	Hash search iter.	| SRC: [-3 -2 -1  1  2  3  4  5  7  8] Target: 47 
2021-10-05 21:47:59,281 : 	Hash search iter.	| SRC: [-3 -2 -1  1  2  3  4  5  7  8] Target: 47 
2021-10-05 21:47:59,282 : 	Hash search iter.	| SRC: [-3 -2 -1  1  2  3  4  5  7  8] Target: 47 
2021-10-05 21:47:59,284 : 	Hash search iter.	| SRC: [-3 -2 -1  1  2  3  4  5  7  8] Target: 47 
2021-10-05 21:47:59,285 : 	Hash search iter.	| SRC: [-3 -2 -1  1  2  3  4  5  7  8] Target: 47 
2021-10-05 21:47:59,286 : 	Hash search iter.	| SRC: [-3 -2 -1  1  2  3  4  5  7  8] Target: 47 
2021-10-05 21:47:59,288 : 	End hash search			| Num pairs: 0 Comps: 10 
 21:47:59,272 : Start hash search	|
2021-10-05 21:47:59,273 : 	Hash search iter.	| SRC: [-3 -2 -1  1  2  3  4  5  7  8] Target: 47 
2021-10-05 21:47:59,275 : 	Hash search iter.	| SRC: [-3 -2 -1  1  2  3  4  5  7  8] Target: 47 
2021-10-05 21:47:59,276 : 	Hash search iter.	| SRC: [-3 -2 -1  1  2  3  4  5  7  8] Target: 47 
2021-10-05 21:47:59,277 : 	Hash search iter.	| SRC: [-3 -2 -1  1  2  3  4  5  7  8] Target: 47 
2021-10-05 21:47:59,279 : 	Hash search iter.	| SRC: [-3 -2 -1  1  2  3  4  5  7  8] Target: 47 
2021-10-05 21:47:59,281 : 	Hash search iter.	| SRC: [-3 -2 -1  1  2  3  4  5  7  8] Target: 47 
2021-10-05 21:47:59,282 : 	Hash search iter.	| SRC: [-3 -2 -1  1  2  3  4  5  7  8] Target: 47 
2021-10-05 21:47:59,284 : 	Hash search iter.	| SRC: [-3 -2 -1  1  2  3  4  5  7  8] Target: 47 
2021-10-05 21:47:59,285 : 	Hash search iter.	| SRC: [-3 -2 -1  1  2  3  4  5  7  8] Target: 47 
2021-10-05 21:47:59,286 : 	Hash search iter.	| SRC: [-3 -2 -1  1  2  3  4  5  7  8] Target: 47 
2021-10-05 21:47:59,288 : 	End hash search			| Num pairs: 0 Comps: 10 
 21:47:59,272 : Start hash search	|
2021-10-05 21:47:59,273 : 	Hash search iter.	| SRC: [-3 -2 -1  1  2  3  4  5  7  8] Target: 47 
2021-10-05 21:47:59,275 : 	Hash search iter.	| SRC: [-3 -2 -1  1  2  3  4  5  7  8] Target: 47 
2021-10-05 21:47:59,276 : 	Hash search iter.	| SRC: [-3 -2 -1  1  2  3  4  5  7  8] Target: 47 
2021-10-05 21:47:59,277 : 	Hash search iter.	| SRC: [-3 -2 -1  1  2  3  4  5  7  8] Target: 47 
2021-10-05 21:47:59,279 : 	Hash search iter.	| SRC: [-3 -2 -1  1  2  3  4  5  7  8] Target: 47 
2021-10-05 21:47:59,281 : 	Hash search iter.	| SRC: [-3 -2 -1  1  2  3  4  5  7  8] Target: 47 
2021-10-05 21:47:59,282 : 	Hash search iter.	| SRC: [-3 -2 -1  1  2  3  4  5  7  8] Target: 47 
2021-10-05 21:47:59,284 : 	Hash search iter.	| SRC: [-3 -2 -1  1  2  3  4  5  7  8] Target: 47 
2021-10-05 21:47:59,285 : 	Hash search iter.	| SRC: [-3 -2 -1  1  2  3  4  5  7  8] Target: 47 
2021-10-05 21:47:59,286 : 	Hash search iter.	| SRC: [-3 -2 -1  1  2  3  4  5  7  8] Target: 47 
2021-10-05 21:47:59,288 : 	End hash search			| Num pairs: 0 Comps: 10 
7  8] Target: 47 
2021-10-05 21:47:59,286 : 	Hash search iter.	| SRC: [-3 -2 -1  1  2  3  4  5  7  8] Target: 47 
2021-10-05 21:47:59,288 : 	End hash search			| Num pairs: 0 Comps: 10 
05 21:47:59,285 : 	Hash search iter.	| SRC: [-3 -2 -1  1  2  3  4  5  7  8] Target: 47 
2021-10-05 21:47:59,286 : 	Hash search iter.	| SRC: [-3 -2 -1  1  2  3  4  5  7  8] Target: 47 
2021-10-05 21:47:59,288 : 	End hash search			| Num pairs: 0 Comps: 10 
  8] Target: 47 
2021-10-05 21:47:59,286 : 	Hash search iter.	| SRC: [-3 -2 -1  1  2  3  4  5  7  8] Target: 47 
2021-10-05 21:47:59,288 : 	End hash search			| Num pairs: 0 Comps: 10 
 [-3 -2 -1  1  2  3  4  5  7  8] Target: 47 
2021-10-05 21:47:59,288 : 	End hash search			| Num pairs: 0 Comps: 10 
